<?xml version="1.0" encoding="UTF-8"?>
<testsuite xmlns:xsi="http://www.w3.org/2001/XMLSchema-instance" xsi:schemaLocation="https://maven.apache.org/surefire/maven-surefire-plugin/xsd/surefire-test-report.xsd" name="com.blibli.future.training.DefinitionTestSuite" time="65.97" tests="12" errors="0" skipped="0" failures="0">
  <properties>
[...]
</properties>
  <testcase name="prepare add pet per request data with Id &quot;123&quot; and path name &quot;Luffy&quot;" classname="verify add pet" time="0.243"/>
  <testcase name="send add pet request" classname="verify add pet" time="6.469"/>
  <testcase name="add pet response data id should be &quot;123&quot;" classname="verify add pet" time="0.614"/>
  <testcase name="add pet response data pet name should be &quot;Luffy&quot;" classname="verify add pet" time="0.02"/>
  <testcase name="verify add pet" classname="verify add pet" time="0.026"/>
  <testcase name="User open wonderful quote page" classname="Add quote" time="29.903"/>
  <testcase name="User input quote &quot;Blibli is the best!&quot;" classname="Add quote" time="1.909"/>
  <testcase name="User type author &apos;virdaus&apos;" classname="Add quote" time="1.741"/>
  <testcase name="User select colour &quot;aqua&quot;" classname="Add quote" time="1.658"/>
  <testcase name="User click add quote button" classname="Add quote" time="1.186"/>
  <testcase name="Quote should save quote &quot;Blibli is the best!&quot;" classname="Add quote" time="1.393"/>
  <testcase name="Add quote" classname="Add quote" time="5.733"/>
</testsuite>